<?xml version="1.0" encoding="UTF-8"?>
<!-- Generated by org.testng.reporters.JUnitXMLReporter -->
<testsuite ignored="0" hostname="B122754-LT1" failures="1" tests="1" name="Run on FIREFOX browser" time="3.659" errors="0" timestamp="19 Jul 2023 13:21:51 GMT">
  <testcase classname="testng.Topic_05_Multiple_Browser" name="TC_01_Login_To_System" time="0.0">
    <failure type="org.testng.TestNGException" message="
Cannot inject @Test annotated Method [TC_01_Login_To_System] with [class java.lang.String, class java.lang.String].
For more information on native dependency injection please refer to http://testng.org/doc/documentation-main.html#native-dependency-injection">
      <![CDATA[org.testng.TestNGException: 
Cannot inject @Test annotated Method [TC_01_Login_To_System] with [class java.lang.String, class java.lang.String].
For more information on native dependency injection please refer to http://testng.org/doc/documentation-main.html#native-dependency-injection
... Removed 25 stack frames]]>
    </failure>
  </testcase> <!-- TC_01_Login_To_System -->
</testsuite> <!-- Run on FIREFOX browser -->
