<?xml version="1.0" encoding="UTF-8"?>
<testng-results ignored="0" total="3" passed="3" failed="0" skipped="0">
  <reporter-output>
  </reporter-output>
  <suite started-at="2022-09-03T13:18:56Z" name="Default suite" finished-at="2022-09-03T13:19:07Z" duration-ms="11858">
    <groups>
    </groups>
    <test started-at="2022-09-03T13:18:56Z" name="Default test" finished-at="2022-09-03T13:19:07Z" duration-ms="11858">
      <class name="webdriver.Topic_01_Check_Environment">
        <test-method is-config="true" signature="beforeClass()[pri:0, instance:webdriver.Topic_01_Check_Environment@4116aac9]" started-at="2022-09-03T13:18:56Z" name="beforeClass" finished-at="2022-09-03T13:19:05Z" duration-ms="9846" status="PASS">
          <reporter-output>
          </reporter-output>
        </test-method> <!-- beforeClass -->
        <test-method signature="TC_01_ValidateCurrentUrl()[pri:0, instance:webdriver.Topic_01_Check_Environment@4116aac9]" started-at="2022-09-03T13:19:05Z" name="TC_01_ValidateCurrentUrl" finished-at="2022-09-03T13:19:05Z" duration-ms="24" status="PASS">
          <reporter-output>
          </reporter-output>
        </test-method> <!-- TC_01_ValidateCurrentUrl -->
        <test-method signature="TC_02_ValidatePageTitle()[pri:0, instance:webdriver.Topic_01_Check_Environment@4116aac9]" started-at="2022-09-03T13:19:05Z" name="TC_02_ValidatePageTitle" finished-at="2022-09-03T13:19:05Z" duration-ms="20" status="PASS">
          <reporter-output>
          </reporter-output>
        </test-method> <!-- TC_02_ValidatePageTitle -->
        <test-method signature="TC_03_LoginFormDisplayed()[pri:0, instance:webdriver.Topic_01_Check_Environment@4116aac9]" started-at="2022-09-03T13:19:05Z" name="TC_03_LoginFormDisplayed" finished-at="2022-09-03T13:19:06Z" duration-ms="257" status="PASS">
          <reporter-output>
          </reporter-output>
        </test-method> <!-- TC_03_LoginFormDisplayed -->
        <test-method is-config="true" signature="afterClass()[pri:0, instance:webdriver.Topic_01_Check_Environment@4116aac9]" started-at="2022-09-03T13:19:06Z" name="afterClass" finished-at="2022-09-03T13:19:07Z" duration-ms="1657" status="PASS">
          <reporter-output>
          </reporter-output>
        </test-method> <!-- afterClass -->
      </class> <!-- webdriver.Topic_01_Check_Environment -->
    </test> <!-- Default test -->
  </suite> <!-- Default suite -->
</testng-results>
